<?xml version="1.0" encoding="UTF-8"?>
<!-- Generated by org.testng.reporters.JUnitReportReporter -->
<testsuite hostname="LAPTOP-HM27NJ2J" failures="0" tests="3" name="TestNG.DependOnMethodEg" time="0.013" errors="0" timestamp="2024-02-27T12:44:01 IST" skipped="0">
  <testcase classname="TestNG.DependOnMethodEg" name="testcase3" time="0.002"/>
  <system-out/>
  <testcase classname="TestNG.DependOnMethodEg" name="testcase2" time="0.002"/>
  <system-out/>
  <testcase classname="TestNG.DependOnMethodEg" name="testcase1" time="0.009"/>
  <system-out/>
</testsuite> <!-- TestNG.DependOnMethodEg -->
