<?xml version="1.0" encoding="UTF-8"?>
<!-- Generated by org.testng.reporters.JUnitReportReporter -->
<testsuite hostname="LAPTOP-HM27NJ2J" failures="0" tests="3" name="TestNG.EnableFalse" time="0.012" errors="0" timestamp="2024-02-27T12:47:59 IST" skipped="1">
  <testcase classname="TestNG.EnableFalse" name="testcase3" time="0.001"/>
  <system-out/>
  <testcase classname="TestNG.EnableFalse" name="testcase2" time="0.011"/>
  <system-out/>
  <testcase classname="TestNG.EnableFalse" name="testcase1">
    <skipped/>
  </testcase> <!-- testcase1 -->
  <system-out/>
</testsuite> <!-- TestNG.EnableFalse -->
