<?xml version="1.0" encoding="UTF-8"?>
<!-- Generated by org.testng.reporters.JUnitReportReporter -->
<testsuite hostname="LAPTOP-HM27NJ2J" failures="0" tests="3" name="TestNG.Priority" time="0.004" errors="0" timestamp="2024-02-28T11:03:02 IST" skipped="0">
  <testcase classname="TestNG.Priority" name="testcase1" time="0.003"/>
  <system-out/>
  <testcase classname="TestNG.Priority" name="testcase3" time="0.001"/>
  <system-out/>
  <testcase classname="TestNG.Priority" name="testcase2" time="0.000"/>
  <system-out/>
</testsuite> <!-- TestNG.Priority -->
